<?xml version="1.0" encoding="UTF-8"?>
<!-- Generated by org.testng.reporters.JUnitReportReporter -->
<testsuite hostname="MSI" failures="0" tests="2" name="com.bankguru.Bank_02_Payment" time="24.837" errors="0" timestamp="2024-08-16T13:22:03 ICT" skipped="0">
  <testcase classname="com.bankguru.Bank_02_Payment" name="TC1_Create_Check_Customer_Account" time="14.440"/>
  <testcase classname="com.bankguru.Bank_02_Payment" name="TC_Edit_Check_Account" time="10.397"/>
</testsuite> <!-- com.bankguru.Bank_02_Payment -->
