<?xml version="1.0" encoding="UTF-8"?>
<!-- Generated by org.testng.reporters.JUnitReportReporter -->
<testsuite hostname="MSI" failures="0" tests="1" name="com.bankguru.share.Bank_Register_Login" time="0.014" errors="0" timestamp="2024-08-14T14:22:54 ICT" skipped="0">
  <testcase classname="com.bankguru.share.Bank_Register_Login" name="test" time="0.014"/>
</testsuite> <!-- com.bankguru.share.Bank_Register_Login -->
