<?xml version="1.0" encoding="UTF-8"?>
<!-- Generated by org.testng.reporters.JUnitReportReporter -->
<testsuite hostname="MSI" failures="0" tests="26" name="com.bankguru.Bank_03_New_Customer" time="101.849" errors="0" timestamp="2024-08-16T14:59:45 ICT" skipped="0">
  <testcase classname="com.bankguru.Bank_03_New_Customer" name="TC13_Verify_Filed_State_Cannot_Special_Character" time="3.897"/>
  <testcase classname="com.bankguru.Bank_03_New_Customer" name="TC17_Verify_Filed_Pin_Must_Have_6_Digit" time="3.947"/>
  <testcase classname="com.bankguru.Bank_03_New_Customer" name="TC22_Verify_Filed_Telephone_Cannot_Have_Space" time="4.278"/>
  <testcase classname="com.bankguru.Bank_03_New_Customer" name="TC15_Verify_Filed_Pin_Cannot_Chracter" time="3.788"/>
  <testcase classname="com.bankguru.Bank_03_New_Customer" name="TC26_Verify_Filed_Email_Cannot_Blank_First" time="3.934"/>
  <testcase classname="com.bankguru.Bank_03_New_Customer" name="TC16_Verify_Filed_Pin_Cannot_Empty" time="3.918"/>
  <testcase classname="com.bankguru.Bank_03_New_Customer" name="TC6_Verify_Address_Cannot_First_Chracter" time="3.710"/>
  <testcase classname="com.bankguru.Bank_03_New_Customer" name="TC23_Verify_Filed_Telephone_Cannot_Special_Character" time="3.743"/>
  <testcase classname="com.bankguru.Bank_03_New_Customer" name="TC19_Verify_Filed_Pin_First_Blank" time="3.783"/>
  <testcase classname="com.bankguru.Bank_03_New_Customer" name="TC3_Verify_Name_Filed_Name_Cannot_Special_Character" time="3.661"/>
  <testcase classname="com.bankguru.Bank_03_New_Customer" name="TC20_Verify_Filed_Telephone_Cannot_Empty" time="3.878"/>
  <testcase classname="com.bankguru.Bank_03_New_Customer" name="TC25_Verify_Filed_Email_Cannot_Incorrect_Format" time="3.836"/>
  <testcase classname="com.bankguru.Bank_03_New_Customer" name="TC8_Verify_Filed_City_Cannot_Numeric" time="3.824"/>
  <testcase classname="com.bankguru.Bank_03_New_Customer" name="TC14_Verify_Filed_State_Cannot_First_Chracter" time="4.010"/>
  <testcase classname="com.bankguru.Bank_03_New_Customer" name="TC9_Verify_Filed_City_Cannot_Special_Character" time="3.883"/>
  <testcase classname="com.bankguru.Bank_03_New_Customer" name="TC10_Verify_Filed_City_Cannot_First_Chracter" time="5.189"/>
  <testcase classname="com.bankguru.Bank_03_New_Customer" name="TC4_Verify_Name_Filed_Name_Cannot_First_Chracter" time="3.888"/>
  <testcase classname="com.bankguru.Bank_03_New_Customer" name="TC1_Verify_Name_Filed_Name_Cannot_Empty" time="3.828"/>
  <testcase classname="com.bankguru.Bank_03_New_Customer" name="TC5_Verify_Address_Cannot_Empty" time="3.821"/>
  <testcase classname="com.bankguru.Bank_03_New_Customer" name="TC2_Verify_Name_Filed_Name_Cannot_Numeric" time="3.744"/>
  <testcase classname="com.bankguru.Bank_03_New_Customer" name="TC18_Verify_Filed_Pin_Special_Character" time="4.018"/>
  <testcase classname="com.bankguru.Bank_03_New_Customer" name="TC24_Verify_Filed_Email_Cannot_Empty" time="3.913"/>
  <testcase classname="com.bankguru.Bank_03_New_Customer" name="TC12_Verify_Filed_State_Cannot_Numeric" time="3.989"/>
  <testcase classname="com.bankguru.Bank_03_New_Customer" name="TC21_Verify_Filed_Telephone_Cannot_First_Character" time="3.968"/>
  <testcase classname="com.bankguru.Bank_03_New_Customer" name="TC7_Verify_Filed_City_Cannot_Empty" time="3.877"/>
  <testcase classname="com.bankguru.Bank_03_New_Customer" name="TC11_Verify_Filed_state_Cannot_Empty" time="3.524"/>
</testsuite> <!-- com.bankguru.Bank_03_New_Customer -->
